[05:28:47] [CanaryMod] [INFO]: Starting: CanaryMod 1.8.0-1.2.0
[05:28:47] [CanaryMod] [INFO]: Canary Path: /C:/code/minecraft_code/mc_python_files/Canarymod/canarymod.jar & Working From: C:\code\minecraft_code\mc_python_files\Canarymod
[05:28:48] [CanaryMod] [INFO]: Registered xml Database
[05:28:48] [CanaryMod] [INFO]: Found 3 plugins; total: 3
[05:28:50] [net.minecraft.server.dedicated.DedicatedServer] [INFO]: Starting minecraft server version 1.8
[05:28:50] [net.minecraft.server.dedicated.DedicatedServer] [INFO]: Loading properties
[05:28:50] [net.minecraft.server.dedicated.DedicatedServer] [INFO]: Generating keypair
[05:28:50] [net.minecraft.server.dedicated.DedicatedServer] [INFO]: Starting Minecraft server on *:25565
[05:28:51] [net.minecraft.server.dedicated.DedicatedServer] [WARN]: **** SERVER IS RUNNING IN OFFLINE/INSECURE MODE!
[05:28:51] [net.minecraft.server.dedicated.DedicatedServer] [WARN]: The server will make no attempt to authenticate usernames. Beware.
[05:28:51] [net.minecraft.server.dedicated.DedicatedServer] [WARN]: While this makes the game possible to play without internet access, it also opens up the ability for hackers to connect with any username they choose.
[05:28:51] [net.minecraft.server.dedicated.DedicatedServer] [WARN]: To change this, set "online-mode" to "true" in the server.properties file.
[05:28:51] [CanaryMod] [INFO]: Enabling early Plugins...
[05:28:52] [CanaryMod] [INFO]: Enabling late Plugins...
[05:28:52] [CanaryMod] [INFO]: Enabling plugin AntiWeather
[05:28:52] [CanaryMod] [INFO]: Enabling plugin CanaryAlwaysCreative
[05:28:52] [CanaryAlwaysCreative] [INFO]: Enabling CanaryAlwaysCreative Version 1.0.1
[05:28:52] [CanaryAlwaysCreative] [INFO]: Authored by Martin OHanlon
[05:28:52] [CanaryMod] [INFO]: Enabling plugin CanaryRaspberryJuicePlugin
[05:28:52] [CanaryRaspberryJuicePlugin] [INFO]: Enabling CanaryRaspberryJuicePlugin Version 1.3
[05:28:52] [CanaryRaspberryJuicePlugin] [INFO]: Authored by Martin OHanlon
[05:28:52] [CanaryRaspberryJuicePlugin] [INFO]: ThreadListener Started
[05:28:52] [net.minecraft.server.MinecraftServer] [INFO]: Preparing start region for level default_NORMAL (0)
[05:28:53] [net.minecraft.server.MinecraftServer] [INFO]: Preparing spawn area: 6%
[05:28:54] [net.minecraft.server.MinecraftServer] [INFO]: Preparing spawn area: 13%
[05:28:55] [net.minecraft.server.MinecraftServer] [INFO]: Preparing spawn area: 32%
[05:28:56] [net.minecraft.server.MinecraftServer] [INFO]: Preparing spawn area: 50%
[05:28:57] [net.minecraft.server.MinecraftServer] [INFO]: Preparing spawn area: 72%
[05:28:58] [CanaryAlwaysCreative] [INFO]: World [default] made creative
[05:28:58] [net.minecraft.server.dedicated.DedicatedServer] [INFO]: Done (7.555s)! For help, type "help" or "?"
[05:30:07] [net.minecraft.server.management.ServerConfigurationManager] [INFO]: robinanelson[/127.0.0.1:1546] logged in with entity id 8 at (-10.15517224946755, 1.0, 0.6999999880790739)
[05:30:07] [net.minecraft.server.MinecraftServer] [INFO]: robinanelson joined the game
[05:34:08] [CanaryRaspberryJuicePlugin] [INFO]: Starting input thread
[05:34:08] [CanaryRaspberryJuicePlugin] [INFO]: Opened connection to/127.0.0.1:1571.
[05:34:08] [CanaryRaspberryJuicePlugin] [INFO]: Starting output thread
[05:34:47] [CanaryRaspberryJuicePlugin] [INFO]: Closed connection to/127.0.0.1:1571.
[05:34:49] [CanaryRaspberryJuicePlugin] [INFO]: Opened connection to/127.0.0.1:1581.
[05:34:49] [CanaryRaspberryJuicePlugin] [INFO]: Starting input thread
[05:34:49] [CanaryRaspberryJuicePlugin] [INFO]: Starting output thread
[05:35:42] [CanaryRaspberryJuicePlugin] [INFO]: Closed connection to/127.0.0.1:1581.
[05:36:24] [CanaryRaspberryJuicePlugin] [INFO]: Starting input thread
[05:36:24] [CanaryRaspberryJuicePlugin] [INFO]: Opened connection to/127.0.0.1:1587.
[05:36:24] [CanaryRaspberryJuicePlugin] [INFO]: Starting output thread
[05:36:24] [CanaryRaspberryJuicePlugin] [INFO]: Closed connection to/127.0.0.1:1587.
